2017-10-25 17:25:38,634 [18] DEBUG ECP.Util.HtmlHelper.UserManage [(null)] - 用户id=4 Name=admin登录系统
<<<<<<< HEAD
>>>>>>> 621ecc15f0e603c35b01e9e566192df27de19548
2017-10-27 10:16:23,955 [10] DEBUG ECP.Util.HtmlHelper.UserManage [(null)] - 用户id=5 Name=zhao登录系统
2017-10-27 10:38:25,647 [10] DEBUG ECP.Util.HtmlHelper.UserManage [(null)] - 用户id=103 Name=旺仔测试账户1号登录系统
2017-10-27 10:39:50,593 [30] DEBUG ECP.Util.HtmlHelper.UserManage [(null)] - 用户id=103 Name=旺仔测试账户1号登录系统
2017-10-28 08:58:06,527 [15] DEBUG ECP.Util.HtmlHelper.UserManage [(null)] - 用户id=97 Name=zhaore4416登录系统
2017-10-28 09:21:13,302 [15] DEBUG ECP.Util.HtmlHelper.UserManage [(null)] - 用户id=122 Name=SELLER3登录系统
2017-10-28 09:37:36,033 [16] DEBUG ECP.Util.HtmlHelper.UserManage [(null)] - 用户id=118 Name=BOTH01登录系统
2017-10-28 09:39:10,323 [3] DEBUG ECP.Util.HtmlHelper.UserManage [(null)] - 用户id=112 Name=USER002登录系统
2017-10-28 09:44:36,447 [73] DEBUG ECP.Util.HtmlHelper.UserManage [(null)] - 用户id=106 Name=BUYER1登录系统
=======
2017-10-26 11:08:45,287 [13] DEBUG ECP.Util.HtmlHelper.UserManage [(null)] - 用户id=4 Name=admin登录系统
2017-10-26 11:26:09,458 [46] DEBUG ECP.Util.HtmlHelper.UserManage [(null)] - 用户id=4 Name=admin登录系统
2017-10-26 11:30:58,604 [52] DEBUG ECP.Util.HtmlHelper.UserManage [(null)] - 用户id=4 Name=admin登录系统
2017-10-26 14:34:12,594 [37] DEBUG ECP.Util.HtmlHelper.UserManage [(null)] - 用户id=4 Name=admin登录系统
2017-10-26 15:25:19,327 [37] DEBUG ECP.Util.HtmlHelper.UserManage [(null)] - 用户id=4 Name=admin登录系统
2017-10-26 16:19:34,448 [12] DEBUG ECP.Util.HtmlHelper.UserManage [(null)] - 用户id=5 Name=zhao登录系统
2017-10-26 16:20:00,191 [12] DEBUG ECP.Util.HtmlHelper.UserManage [(null)] - 用户id=5 Name=zhao登录系统
2017-10-26 16:20:02,999 [13] DEBUG ECP.Util.HtmlHelper.UserManage [(null)] - 用户id=5 Name=zhao登录系统
2017-10-26 16:20:16,726 [13] DEBUG ECP.Util.HtmlHelper.UserManage [(null)] - 用户id=5 Name=zhao登录系统
2017-10-26 16:21:38,493 [12] DEBUG ECP.Util.HtmlHelper.UserManage [(null)] - 用户id=5 Name=zhao登录系统
2017-10-27 15:38:55,766 [18] DEBUG ECP.Util.HtmlHelper.UserManage [(null)] - 用户id=5 Name=zhao登录系统
>>>>>>> 3bdbc4309fccf7a22d462e22a26db06cddd7367f
2017-10-30 09:13:04,760 [10] DEBUG ECP.Util.HtmlHelper.UserManage [(null)] - 用户id=5 Name=zhao登录系统
2017-10-30 09:14:33,951 [11] DEBUG ECP.Util.HtmlHelper.UserManage [(null)] - 用户id=5 Name=zhao登录系统
2017-10-31 08:42:33,206 [10] DEBUG ECP.Util.HtmlHelper.UserManage [(null)] - 用户id=97 Name=zhaore4416登录系统
2017-10-31 08:47:44,992 [11] DEBUG ECP.Util.HtmlHelper.UserManage [(null)] - 用户id=103 Name=旺仔测试账户1号登录系统
2017-11-01 09:20:25,348 [10] DEBUG ECP.Util.HtmlHelper.UserManage [(null)] - 用户id=5 Name=zhao登录系统
2017-11-01 09:46:19,524 [12] DEBUG ECP.Util.HtmlHelper.UserManage [(null)] - 用户id=97 Name=zhaore4416登录系统
2017-11-01 09:46:48,971 [20] DEBUG ECP.Util.HtmlHelper.UserManage [(null)] - 用户id=128 Name=zhaore4418登录系统
2017-11-01 10:47:47,533 [12] DEBUG ECP.Util.HtmlHelper.UserManage [(null)] - 用户id=103 Name=旺仔测试账户1号登录系统
2017-11-02 14:55:46,537 [10] DEBUG ECP.Util.HtmlHelper.UserManage [(null)] - 用户id=103 Name=旺仔测试账户1号登录系统
2017-11-02 14:56:45,352 [15] DEBUG ECP.Util.HtmlHelper.UserManage [(null)] - 用户id=128 Name=zhaore4418登录系统
2017-11-02 15:05:10,943 [18] DEBUG ECP.Util.HtmlHelper.UserManage [(null)] - 用户id=5 Name=zhao登录系统
2017-11-03 10:37:14,996 [10] DEBUG ECP.Util.HtmlHelper.UserManage [(null)] - 用户id=104 Name=旺仔测试用户2号登录系统
2017-11-06 10:35:05,279 [14] DEBUG ECP.Util.HtmlHelper.UserManage [(null)] - 用户id=145 Name=zhao11登录系统
2017-11-09 12:17:21,116 [16] DEBUG ECP.Util.HtmlHelper.UserManage [(null)] - 用户id=5 Name=zhao登录系统
2017-11-09 13:49:51,271 [12] DEBUG ECP.Util.HtmlHelper.UserManage [(null)] - 用户id=103 Name=旺仔测试账户1号登录系统
2017-11-15 16:56:32,140 [11] DEBUG ECP.Util.HtmlHelper.UserManage [(null)] - 用户id=5 Name=zhao登录系统
2017-11-16 08:53:18,307 [10] DEBUG ECP.Util.HtmlHelper.UserManage [(null)] - 用户id=5 Name=zhao登录系统
2017-11-17 14:31:54,979 [10] DEBUG ECP.Util.HtmlHelper.UserManage [(null)] - 用户id=154 Name=闪闪申贷__登录系统
2017-11-23 08:57:18,691 [10] DEBUG ECP.Util.HtmlHelper.UserManage [(null)] - 用户id=5 Name=zhao登录系统
2017-11-24 09:08:15,637 [13] DEBUG ECP.Util.HtmlHelper.UserManage [(null)] - 用户id=5 Name=zhao登录系统
2017-11-24 09:11:38,284 [12] DEBUG ECP.Util.HtmlHelper.UserManage [(null)] - 用户id=88 Name=huan11登录系统
2017-11-24 09:54:55,520 [24] DEBUG ECP.Util.HtmlHelper.UserManage [(null)] - 用户id=5 Name=zhao登录系统
2017-11-24 09:59:31,152 [17] DEBUG ECP.Util.HtmlHelper.UserManage [(null)] - 用户id=88 Name=huan11登录系统
2017-11-24 11:35:58,222 [13] DEBUG ECP.Util.HtmlHelper.UserManage [(null)] - 用户id=88 Name=huan11登录系统
2017-11-24 17:11:16,262 [53] DEBUG ECP.Util.HtmlHelper.UserManage [(null)] - 用户id=5 Name=zhao登录系统
2017-11-24 17:15:08,840 [13] DEBUG ECP.Util.HtmlHelper.UserManage [(null)] - 用户id=103 Name=旺仔测试账户1号登录系统
2017-11-24 17:17:12,933 [66] DEBUG ECP.Util.HtmlHelper.UserManage [(null)] - 用户id=134 Name=测试子账户1登录系统
2017-11-24 17:20:07,065 [54] DEBUG ECP.Util.HtmlHelper.UserManage [(null)] - 用户id=103 Name=旺仔测试账户1号登录系统
2017-11-24 17:21:30,874 [66] DEBUG ECP.Util.HtmlHelper.UserManage [(null)] - 用户id=103 Name=旺仔测试账户1号登录系统
2017-11-24 17:22:10,240 [64] DEBUG ECP.Util.HtmlHelper.UserManage [(null)] - 用户id=134 Name=测试子账户1登录系统
2018-02-01 15:53:49,295 [10] DEBUG ECP.Util.HtmlHelper.UserManage [(null)] - 用户id=4 Name=admin登录系统
2018-02-01 16:30:05,805 [9] DEBUG ECP.Util.HtmlHelper.UserManage [(null)] - 用户id=4 Name=admin登录系统
2018-02-01 17:05:07,002 [82] DEBUG ECP.Util.HtmlHelper.UserManage [(null)] - 用户id=4 Name=admin登录系统
2018-02-01 17:20:17,348 [83] DEBUG ECP.Util.HtmlHelper.UserManage [(null)] - 用户id=4 Name=admin登录系统
2018-02-05 09:17:09,609 [12] DEBUG ECP.Util.HtmlHelper.UserManage [(null)] - 用户id=4 Name=admin登录系统
2018-02-05 09:26:56,247 [3] DEBUG ECP.Util.HtmlHelper.UserManage [(null)] - 用户id=4 Name=admin登录系统
2018-02-05 09:39:20,712 [94] DEBUG ECP.Util.HtmlHelper.UserManage [(null)] - 用户id=4 Name=admin登录系统
2018-02-05 09:54:22,335 [10] DEBUG ECP.Util.HtmlHelper.UserManage [(null)] - 用户id=4 Name=admin登录系统
2018-02-05 10:36:06,341 [10] DEBUG ECP.Util.HtmlHelper.UserManage [(null)] - 用户id=4 Name=admin登录系统
2018-02-05 10:43:26,810 [85] DEBUG ECP.Util.HtmlHelper.UserManage [(null)] - 用户id=4 Name=admin登录系统
2018-02-05 10:43:36,997 [87] DEBUG ECP.Util.HtmlHelper.UserManage [(null)] - 用户id=4 Name=admin登录系统
2018-02-05 10:50:06,972 [11] DEBUG ECP.Util.HtmlHelper.UserManage [(null)] - 用户id=4 Name=admin登录系统
2018-02-05 11:10:45,832 [11] DEBUG ECP.Util.HtmlHelper.UserManage [(null)] - 用户id=4 Name=admin登录系统
2018-02-05 11:20:07,496 [10] DEBUG ECP.Util.HtmlHelper.UserManage [(null)] - 用户id=4 Name=admin登录系统
2018-02-05 14:26:59,044 [13] DEBUG ECP.Util.HtmlHelper.UserManage [(null)] - 用户id=4 Name=admin登录系统
2018-02-05 15:30:41,363 [10] DEBUG ECP.Util.HtmlHelper.UserManage [(null)] - 用户id=4 Name=admin登录系统
2018-02-05 15:37:52,692 [89] DEBUG ECP.Util.HtmlHelper.UserManage [(null)] - 用户id=4 Name=admin登录系统
2018-02-05 15:50:49,853 [91] DEBUG ECP.Util.HtmlHelper.UserManage [(null)] - 用户id=4 Name=admin登录系统
2018-02-05 15:54:01,713 [4] DEBUG ECP.Util.HtmlHelper.UserManage [(null)] - 用户id=4 Name=admin登录系统
2018-02-05 16:01:10,692 [101] DEBUG ECP.Util.HtmlHelper.UserManage [(null)] - 用户id=4 Name=admin登录系统
2018-02-05 16:08:24,546 [12] DEBUG ECP.Util.HtmlHelper.UserManage [(null)] - 用户id=4 Name=admin登录系统
2018-02-05 16:11:00,581 [91] DEBUG ECP.Util.HtmlHelper.UserManage [(null)] - 用户id=4 Name=admin登录系统
2018-02-05 16:16:07,931 [91] DEBUG ECP.Util.HtmlHelper.UserManage [(null)] - 用户id=161 Name=FINADMIN登录系统
2018-02-05 16:16:40,317 [101] DEBUG ECP.Util.HtmlHelper.UserManage [(null)] - 用户id=4 Name=admin登录系统
2018-02-05 16:18:04,669 [89] DEBUG ECP.Util.HtmlHelper.UserManage [(null)] - 用户id=161 Name=FINADMIN登录系统
2018-02-05 16:18:37,563 [11] DEBUG ECP.Util.HtmlHelper.UserManage [(null)] - 用户id=4 Name=admin登录系统
2018-02-05 17:14:22,890 [4] DEBUG ECP.Util.HtmlHelper.UserManage [(null)] - 用户id=4 Name=admin登录系统
2018-02-05 17:32:49,541 [14] DEBUG ECP.Util.HtmlHelper.UserManage [(null)] - 用户id=4 Name=admin登录系统
2018-02-05 17:42:11,888 [11] DEBUG ECP.Util.HtmlHelper.UserManage [(null)] - 用户id=4 Name=admin登录系统
2018-02-05 17:45:17,139 [10] DEBUG ECP.Util.HtmlHelper.UserManage [(null)] - 用户id=4 Name=admin登录系统
2018-02-05 18:06:43,516 [10] DEBUG ECP.Util.HtmlHelper.UserManage [(null)] - 用户id=4 Name=admin登录系统
2018-02-08 10:57:45,581 [9] DEBUG ECP.Util.HtmlHelper.UserManage [(null)] - 用户id=4 Name=admin登录系统
2018-02-08 11:29:34,823 [13] DEBUG ECP.Util.HtmlHelper.UserManage [(null)] - 用户id=4 Name=admin登录系统
2018-02-08 11:48:28,878 [81] DEBUG ECP.Util.HtmlHelper.UserManage [(null)] - 用户id=4 Name=admin登录系统
2018-02-08 11:55:52,824 [10] DEBUG ECP.Util.HtmlHelper.UserManage [(null)] - 用户id=4 Name=admin登录系统
2018-02-08 12:03:05,666 [12] DEBUG ECP.Util.HtmlHelper.UserManage [(null)] - 用户id=4 Name=admin登录系统
2018-02-08 12:05:11,604 [12] DEBUG ECP.Util.HtmlHelper.UserManage [(null)] - 用户id=4 Name=admin登录系统
2018-02-08 13:56:57,186 [12] DEBUG ECP.Util.HtmlHelper.UserManage [(null)] - 用户id=4 Name=admin登录系统
2018-02-08 15:21:19,191 [10] DEBUG ECP.Util.HtmlHelper.UserManage [(null)] - 用户id=4 Name=admin登录系统
2018-02-08 15:39:39,369 [10] DEBUG ECP.Util.HtmlHelper.UserManage [(null)] - 用户id=4 Name=admin登录系统
2018-02-08 16:38:29,810 [9] DEBUG ECP.Util.HtmlHelper.UserManage [(null)] - 用户id=4 Name=admin登录系统
2018-02-08 17:06:07,285 [13] DEBUG ECP.Util.HtmlHelper.UserManage [(null)] - 用户id=4 Name=admin登录系统
2018-02-08 17:15:16,284 [92] DEBUG ECP.Util.HtmlHelper.UserManage [(null)] - 用户id=4 Name=admin登录系统
2018-02-08 17:17:22,817 [13] DEBUG ECP.Util.HtmlHelper.UserManage [(null)] - 用户id=4 Name=admin登录系统
2018-02-08 17:25:44,164 [92] DEBUG ECP.Util.HtmlHelper.UserManage [(null)] - 用户id=4 Name=admin登录系统
2018-02-08 17:32:17,590 [13] DEBUG ECP.Util.HtmlHelper.UserManage [(null)] - 用户id=4 Name=admin登录系统
2018-02-08 17:34:42,813 [101] DEBUG ECP.Util.HtmlHelper.UserManage [(null)] - 用户id=4 Name=admin登录系统
2018-02-08 17:55:31,492 [9] DEBUG ECP.Util.HtmlHelper.UserManage [(null)] - 用户id=4 Name=admin登录系统
2018-02-09 11:38:40,047 [13] DEBUG ECP.Util.HtmlHelper.UserManage [(null)] - 用户id=162 Name=zhaojeff登录系统
2018-02-09 11:40:31,008 [13] DEBUG ECP.Util.HtmlHelper.UserManage [(null)] - 用户id=162 Name=zhaojeff登录系统
2018-02-09 11:46:48,128 [106] DEBUG ECP.Util.HtmlHelper.UserManage [(null)] - 用户id=162 Name=zhaojeff登录系统
2018-02-09 11:53:36,586 [12] DEBUG ECP.Util.HtmlHelper.UserManage [(null)] - 用户id=162 Name=zhaojeff登录系统
2018-02-09 13:54:35,230 [13] DEBUG ECP.Util.HtmlHelper.UserManage [(null)] - 用户id=162 Name=zhaojeff登录系统
2018-02-09 14:26:40,294 [99] DEBUG ECP.Util.HtmlHelper.UserManage [(null)] - 用户id=162 Name=zhaojeff登录系统
2018-02-09 17:13:28,600 [12] DEBUG ECP.Util.HtmlHelper.UserManage [(null)] - 用户id=162 Name=zhaojeff登录系统
2018-02-10 10:34:05,000 [13] DEBUG ECP.Util.HtmlHelper.UserManage [(null)] - 用户id=162 Name=zhaojeff登录系统
2018-02-26 08:49:55,587 [13] DEBUG ECP.Util.HtmlHelper.UserManage [(null)] - 用户id=162 Name=zhaojeff登录系统
2018-02-28 15:12:39,914 [13] DEBUG ECP.Util.HtmlHelper.UserManage [(null)] - 用户id=162 Name=zhaojeff登录系统
2018-02-28 16:10:30,097 [13] DEBUG ECP.Util.HtmlHelper.UserManage [(null)] - 用户id=162 Name=zhaojeff登录系统
2018-03-01 08:53:42,293 [13] DEBUG ECP.Util.HtmlHelper.UserManage [(null)] - 用户id=162 Name=zhaojeff登录系统
2018-03-01 10:04:06,117 [12] DEBUG ECP.Util.HtmlHelper.UserManage [(null)] - 用户id=162 Name=zhaojeff登录系统
2018-03-01 10:18:14,860 [19] DEBUG ECP.Util.HtmlHelper.UserManage [(null)] - 用户id=162 Name=zhaojeff登录系统
2018-03-01 14:37:51,600 [12] DEBUG ECP.Util.HtmlHelper.UserManage [(null)] - 用户id=162 Name=zhaojeff登录系统
2018-03-01 14:48:04,664 [12] DEBUG ECP.Util.HtmlHelper.UserManage [(null)] - 用户id=162 Name=zhaojeff登录系统
2018-03-01 17:36:40,122 [12] DEBUG ECP.Util.HtmlHelper.UserManage [(null)] - 用户id=687 Name=PANPAN_AD登录系统
2018-03-02 09:03:05,703 [12] DEBUG ECP.Util.HtmlHelper.UserManage [(null)] - 用户id=162 Name=zhaojeff登录系统
2018-03-02 09:04:39,088 [20] DEBUG ECP.Util.HtmlHelper.UserManage [(null)] - 用户id=162 Name=zhaojeff登录系统
2018-03-02 09:05:22,372 [115] DEBUG ECP.Util.HtmlHelper.UserManage [(null)] - 用户id=162 Name=zhaojeff登录系统
2018-03-02 09:10:18,589 [12] DEBUG ECP.Util.HtmlHelper.UserManage [(null)] - 用户id=162 Name=zhaojeff登录系统
2018-03-02 09:11:12,235 [18] DEBUG ECP.Util.HtmlHelper.UserManage [(null)] - 用户id=162 Name=zhaojeff登录系统
2018-03-02 09:21:29,367 [115] DEBUG ECP.Util.HtmlHelper.UserManage [(null)] - 用户id=162 Name=zhaojeff登录系统
2018-03-02 09:27:27,584 [13] DEBUG ECP.Util.HtmlHelper.UserManage [(null)] - 用户id=162 Name=zhaojeff登录系统
2018-03-02 09:45:03,680 [188] DEBUG ECP.Util.HtmlHelper.UserManage [(null)] - 用户id=162 Name=zhaojeff登录系统
2018-03-02 09:56:42,920 [188] DEBUG ECP.Util.HtmlHelper.UserManage [(null)] - 用户id=162 Name=zhaojeff登录系统
2018-03-02 10:08:56,411 [18] DEBUG ECP.Util.HtmlHelper.UserManage [(null)] - 用户id=162 Name=zhaojeff登录系统
2018-03-02 10:15:36,370 [115] DEBUG ECP.Util.HtmlHelper.UserManage [(null)] - 用户id=162 Name=zhaojeff登录系统
2018-03-03 16:13:17,095 [13] DEBUG ECP.Util.HtmlHelper.UserManage [(null)] - 用户id=162 Name=zhaojeff登录系统
2018-03-05 09:12:32,384 [12] DEBUG ECP.Util.HtmlHelper.UserManage [(null)] - 用户id=162 Name=zhaojeff登录系统
2018-03-05 09:17:19,098 [12] DEBUG ECP.Util.HtmlHelper.UserManage [(null)] - 用户id=162 Name=zhaojeff登录系统
2018-03-05 14:38:56,146 [13] DEBUG ECP.Util.HtmlHelper.UserManage [(null)] - 用户id=687 Name=PANPAN_AD登录系统
2018-03-06 08:55:50,308 [18] DEBUG ECP.Util.HtmlHelper.UserManage [(null)] - 用户id=687 Name=PANPAN_AD登录系统
2018-03-06 11:41:52,170 [19] DEBUG ECP.Util.HtmlHelper.UserManage [(null)] - 用户id=687 Name=PANPAN_AD登录系统
2018-03-06 14:27:10,301 [18] DEBUG ECP.Util.HtmlHelper.UserManage [(null)] - 用户id=687 Name=PANPAN_AD登录系统
2018-03-06 17:18:51,181 [105] DEBUG ECP.Util.HtmlHelper.UserManage [(null)] - 用户id=687 Name=PANPAN_AD登录系统
2018-03-07 09:59:21,978 [13] DEBUG ECP.Util.HtmlHelper.UserManage [(null)] - 用户id=687 Name=PANPAN_AD登录系统
2018-03-07 15:51:28,270 [13] DEBUG ECP.Util.HtmlHelper.UserManage [(null)] - 用户id=687 Name=PANPAN_AD登录系统
2018-03-07 16:35:33,184 [69] DEBUG ECP.Util.HtmlHelper.UserManage [(null)] - 用户id=711 Name=GXTANG登录系统
2018-03-07 16:36:28,816 [13] DEBUG ECP.Util.HtmlHelper.UserManage [(null)] - 用户id=711 Name=GXTANG登录系统
2018-03-07 16:36:45,408 [20] DEBUG ECP.Util.HtmlHelper.UserManage [(null)] - 用户id=687 Name=PANPAN_AD登录系统
2018-03-07 16:38:33,227 [12] DEBUG ECP.Util.HtmlHelper.UserManage [(null)] - 用户id=687 Name=PANPAN_AD登录系统
2018-03-07 16:42:36,704 [19] DEBUG ECP.Util.HtmlHelper.UserManage [(null)] - 用户id=687 Name=PANPAN_AD登录系统
2018-03-07 16:43:23,119 [171] DEBUG ECP.Util.HtmlHelper.UserManage [(null)] - 用户id=711 Name=GXTANG登录系统
2018-03-07 16:54:40,181 [13] DEBUG ECP.Util.HtmlHelper.UserManage [(null)] - 用户id=711 Name=GXTANG登录系统
2018-03-07 17:43:01,344 [12] DEBUG ECP.Util.HtmlHelper.UserManage [(null)] - 用户id=687 Name=PANPAN_AD登录系统
2018-03-08 09:12:50,174 [22] DEBUG ECP.Util.HtmlHelper.UserManage [(null)] - 用户id=687 Name=PANPAN_AD登录系统
2018-03-08 09:24:53,672 [46] DEBUG ECP.Util.HtmlHelper.UserManage [(null)] - 用户id=687 Name=PANPAN_AD登录系统
2018-03-08 09:39:05,479 [12] DEBUG ECP.Util.HtmlHelper.UserManage [(null)] - 用户id=711 Name=GXTANG登录系统
2018-03-08 09:48:54,560 [25] DEBUG ECP.Util.HtmlHelper.UserManage [(null)] - 用户id=687 Name=PANPAN_AD登录系统
2018-03-08 09:52:43,304 [18] DEBUG ECP.Util.HtmlHelper.UserManage [(null)] - 用户id=711 Name=GXTANG登录系统
2018-03-08 09:58:53,882 [46] DEBUG ECP.Util.HtmlHelper.UserManage [(null)] - 用户id=687 Name=PANPAN_AD登录系统
2018-03-08 14:06:33,459 [13] DEBUG ECP.Util.HtmlHelper.UserManage [(null)] - 用户id=711 Name=GXTANG登录系统
2018-03-08 14:06:55,192 [13] DEBUG ECP.Util.HtmlHelper.UserManage [(null)] - 用户id=711 Name=GXTANG登录系统
2018-03-08 14:08:28,282 [22] DEBUG ECP.Util.HtmlHelper.UserManage [(null)] - 用户id=711 Name=GXTANG登录系统
2018-03-08 17:06:32,486 [12] DEBUG ECP.Util.HtmlHelper.UserManage [(null)] - 用户id=711 Name=GXTANG登录系统
2018-03-08 17:32:31,948 [12] DEBUG ECP.Util.HtmlHelper.UserManage [(null)] - 用户id=687 Name=PANPAN_AD登录系统
2018-03-08 18:08:54,392 [13] DEBUG ECP.Util.HtmlHelper.UserManage [(null)] - 用户id=711 Name=GXTANG登录系统
2018-03-09 08:48:30,597 [12] DEBUG ECP.Util.HtmlHelper.UserManage [(null)] - 用户id=711 Name=GXTANG登录系统
2018-03-09 10:18:44,485 [19] DEBUG ECP.Util.HtmlHelper.UserManage [(null)] - 用户id=711 Name=GXTANG登录系统
2018-03-09 10:20:32,207 [13] DEBUG ECP.Util.HtmlHelper.UserManage [(null)] - 用户id=711 Name=GXTANG登录系统
2018-03-09 12:05:04,516 [13] DEBUG ECP.Util.HtmlHelper.UserManage [(null)] - 用户id=711 Name=GXTANG登录系统
2018-03-09 14:03:55,038 [24] DEBUG ECP.Util.HtmlHelper.UserManage [(null)] - 用户id=711 Name=GXTANG登录系统
2018-03-09 14:24:13,925 [12] DEBUG ECP.Util.HtmlHelper.UserManage [(null)] - 用户id=711 Name=GXTANG登录系统
2018-03-09 14:52:50,620 [13] DEBUG ECP.Util.HtmlHelper.UserManage [(null)] - 用户id=711 Name=GXTANG登录系统
2018-03-12 08:49:45,894 [12] DEBUG ECP.Util.HtmlHelper.UserManage [(null)] - 用户id=711 Name=GXTANG登录系统
2018-03-12 08:50:37,628 [13] DEBUG ECP.Util.HtmlHelper.UserManage [(null)] - 用户id=711 Name=GXTANG登录系统
2018-03-12 08:53:00,365 [12] DEBUG ECP.Util.HtmlHelper.UserManage [(null)] - 用户id=711 Name=GXTANG登录系统
2018-03-12 08:57:10,383 [12] DEBUG ECP.Util.HtmlHelper.UserManage [(null)] - 用户id=687 Name=PANPAN_AD登录系统
2018-03-12 08:58:14,803 [19] DEBUG ECP.Util.HtmlHelper.UserManage [(null)] - 用户id=687 Name=PANPAN_AD登录系统
2018-03-12 09:01:12,060 [19] DEBUG ECP.Util.HtmlHelper.UserManage [(null)] - 用户id=687 Name=PANPAN_AD登录系统
2018-03-12 09:29:29,598 [13] DEBUG ECP.Util.HtmlHelper.UserManage [(null)] - 用户id=687 Name=PANPAN_AD登录系统
2018-03-12 09:32:27,311 [19] DEBUG ECP.Util.HtmlHelper.UserManage [(null)] - 用户id=687 Name=PANPAN_AD登录系统
2018-03-12 09:38:51,094 [18] DEBUG ECP.Util.HtmlHelper.UserManage [(null)] - 用户id=687 Name=PANPAN_AD登录系统
2018-03-12 09:42:43,578 [19] DEBUG ECP.Util.HtmlHelper.UserManage [(null)] - 用户id=711 Name=GXTANG登录系统
2018-03-12 18:14:23,063 [18] DEBUG ECP.Util.HtmlHelper.UserManage [(null)] - 用户id=711 Name=GXTANG登录系统
2018-03-13 08:38:53,082 [13] DEBUG ECP.Util.HtmlHelper.UserManage [(null)] - 用户id=711 Name=GXTANG登录系统
2018-03-13 09:03:58,294 [13] DEBUG ECP.Util.HtmlHelper.UserManage [(null)] - 用户id=711 Name=GXTANG登录系统
2018-03-13 09:05:25,826 [18] DEBUG ECP.Util.HtmlHelper.UserManage [(null)] - 用户id=711 Name=GXTANG登录系统
2018-03-13 09:22:09,409 [12] DEBUG ECP.Util.HtmlHelper.UserManage [(null)] - 用户id=711 Name=GXTANG登录系统
2018-03-13 09:25:32,329 [13] DEBUG ECP.Util.HtmlHelper.UserManage [(null)] - 用户id=711 Name=GXTANG登录系统
2018-03-13 11:23:22,865 [13] DEBUG ECP.Util.HtmlHelper.UserManage [(null)] - 用户id=711 Name=GXTANG登录系统
2018-03-13 11:38:55,813 [12] DEBUG ECP.Util.HtmlHelper.UserManage [(null)] - 用户id=711 Name=GXTANG登录系统
2018-03-13 11:40:46,685 [24] DEBUG ECP.Util.HtmlHelper.UserManage [(null)] - 用户id=711 Name=GXTANG登录系统
2018-03-13 11:50:17,949 [19] DEBUG ECP.Util.HtmlHelper.UserManage [(null)] - 用户id=711 Name=GXTANG登录系统
2018-03-14 08:45:56,792 [18] DEBUG ECP.Util.HtmlHelper.UserManage [(null)] - 用户id=711 Name=GXTANG登录系统
2018-03-14 09:42:54,004 [13] DEBUG ECP.Util.HtmlHelper.UserManage [(null)] - 用户id=711 Name=GXTANG登录系统
2018-03-14 10:27:25,537 [13] DEBUG ECP.Util.HtmlHelper.UserManage [(null)] - 用户id=707 Name=SUGAR登录系统
2018-03-14 10:34:01,055 [19] DEBUG ECP.Util.HtmlHelper.UserManage [(null)] - 用户id=711 Name=GXTANG登录系统
2018-03-14 10:36:41,003 [19] DEBUG ECP.Util.HtmlHelper.UserManage [(null)] - 用户id=707 Name=SUGAR登录系统
2018-03-14 10:46:33,086 [13] DEBUG ECP.Util.HtmlHelper.UserManage [(null)] - 用户id=707 Name=SUGAR_登录系统
2018-03-14 10:54:33,368 [18] DEBUG ECP.Util.HtmlHelper.UserManage [(null)] - 用户id=707 Name=SUGAR登录系统
2018-03-14 10:56:55,805 [56] DEBUG ECP.Util.HtmlHelper.UserManage [(null)] - 用户id=711 Name=GXTANG登录系统
2018-03-14 10:57:47,808 [13] DEBUG ECP.Util.HtmlHelper.UserManage [(null)] - 用户id=707 Name=SUGAR登录系统
2018-03-14 10:58:53,415 [24] DEBUG ECP.Util.HtmlHelper.UserManage [(null)] - 用户id=711 Name=GXTANG登录系统
2018-03-14 15:40:54,875 [18] DEBUG ECP.Util.HtmlHelper.UserManage [(null)] - 用户id=711 Name=GXTANG登录系统
2018-03-14 15:43:39,059 [12] DEBUG ECP.Util.HtmlHelper.UserManage [(null)] - 用户id=687 Name=PANPAN_AD登录系统
2018-03-14 15:44:21,284 [24] DEBUG ECP.Util.HtmlHelper.UserManage [(null)] - 用户id=711 Name=GXTANG登录系统
2018-03-15 08:44:57,651 [19] DEBUG ECP.Util.HtmlHelper.UserManage [(null)] - 用户id=711 Name=GXTANG登录系统
2018-03-15 15:00:07,522 [13] DEBUG ECP.Util.HtmlHelper.UserManage [(null)] - 用户id=711 Name=GXTANG登录系统
2018-03-15 15:46:04,691 [19] DEBUG ECP.Util.HtmlHelper.UserManage [(null)] - 用户id=711 Name=GXTANG登录系统
2018-03-16 09:49:43,576 [20] DEBUG ECP.Util.HtmlHelper.UserManage [(null)] - 用户id=687 Name=PANPAN_AD登录系统
2018-03-16 09:55:35,433 [19] DEBUG ECP.Util.HtmlHelper.UserManage [(null)] - 用户id=711 Name=GXTANG登录系统
2018-03-16 09:57:37,016 [13] DEBUG ECP.Util.HtmlHelper.UserManage [(null)] - 用户id=687 Name=PANPAN_AD登录系统
2018-03-16 14:32:10,598 [18] DEBUG ECP.Util.HtmlHelper.UserManage [(null)] - 用户id=711 Name=GXTANG登录系统
2018-03-16 16:04:04,216 [19] DEBUG ECP.Util.HtmlHelper.UserManage [(null)] - 用户id=711 Name=GXTANG登录系统
2018-03-17 08:41:43,099 [18] DEBUG ECP.Util.HtmlHelper.UserManage [(null)] - 用户id=711 Name=GXTANG登录系统
2018-03-19 09:25:14,124 [12] DEBUG ECP.Util.HtmlHelper.UserManage [(null)] - 用户id=711 Name=GXTANG登录系统
